\BOOKMARK [0][-]{chapter*.2}{\376\377\122\115\212\000}{}% 1
\BOOKMARK [0][-]{chapter.1}{\376\377\123\125\134\102\141\037\167\345\147\072}{}% 2
\BOOKMARK [1][-]{section.1.1}{\376\377\123\125\116\052\171\136\176\317\121\103\166\204\176\323\147\204}{chapter.1}% 3
\BOOKMARK [1][-]{section.1.2}{\376\377\157\300\155\073\121\375\145\160}{chapter.1}% 4
\BOOKMARK [0][-]{chapter.2}{\376\377\171\136\176\317\177\121\176\334}{}% 5
\BOOKMARK [1][-]{section.2.1}{\376\377\116\015\124\014\157\300\155\073\121\375\145\160\166\204\210\150\163\260}{chapter.2}% 6
\BOOKMARK [1][-]{section.2.2}{\376\377\153\143\124\021\117\040\144\255}{chapter.2}% 7
\BOOKMARK [1][-]{section.2.3}{\376\377\150\257\136\246\116\013\226\115\124\214\123\315\124\021\117\040\144\255}{chapter.2}% 8
\BOOKMARK [1][-]{section.2.4}{\376\377\150\257\136\246\162\006\160\270\124\214\150\257\136\246\155\210\131\061\163\260\214\141}{chapter.2}% 9
\BOOKMARK [1][-]{section.2.5}{\376\377\171\136\176\317\177\121\176\334\116\343\170\001\133\236\163\260}{chapter.2}% 10
\BOOKMARK [2][-]{subsection.2.5.1}{\376\377\163\260\147\011\150\106\147\266\133\236\163\260\171\136\176\317\177\121\176\334}{section.2.5}% 11
\BOOKMARK [2][-]{subsection.2.5.2}{\376\377\116\316\226\366\137\000\131\313\142\113\121\231\171\136\176\317\177\121\176\334}{section.2.5}% 12
\BOOKMARK [0][-]{chapter.3}{\376\377\147\072\126\150\133\146\116\140\145\110\147\234\213\304\117\060}{}% 13
\BOOKMARK [1][-]{section.3.1}{\376\377\116\000\202\054\140\305\121\265}{chapter.3}% 14
\BOOKMARK [1][-]{section.3.2}{\376\377\143\137\131\061\146\362\176\277\122\147\160\310\227\007\203\141}{chapter.3}% 15
\BOOKMARK [1][-]{section.3.3}{\376\377\170\156\133\232\127\372\121\306}{chapter.3}% 16
\BOOKMARK [1][-]{section.3.4}{\376\377\217\307\142\337\124\010\124\214\153\040\142\337\124\010}{chapter.3}% 17
\BOOKMARK [1][-]{section.3.5}{\376\377\214\003\145\164\126\376\120\317}{chapter.3}% 18
\BOOKMARK [0][-]{chapter.4}{\376\377\152\041\127\213\145\071\217\333\142\200\147\057}{}% 19
\BOOKMARK [1][-]{section.4.1}{\376\377\142\171\221\317\137\122\116\000\123\026}{chapter.4}% 20
\BOOKMARK [1][-]{section.4.2}{\376\377\000d\000r\000o\000p\000o\000u\000t}{chapter.4}% 21
\BOOKMARK [1][-]{section.4.3}{\376\377\153\213\135\356\217\336\143\245}{chapter.4}% 22
\BOOKMARK [0][-]{chapter.5}{\376\377\170\350\176\303\142\200\147\057\166\204\220\024\137\204}{}% 23
\BOOKMARK [1][-]{section.5.1}{\376\377\000k\000a\000g\000g\000l\000e\172\336\215\133}{chapter.5}% 24
\BOOKMARK [1][-]{section.5.2}{\376\377\145\160\133\146\136\372\152\041\126\375\215\133}{chapter.5}% 25
\BOOKMARK [1][-]{section.5.3}{\376\377\201\352\135\361\176\303\116\140}{chapter.5}% 26
\BOOKMARK [0][-]{chapter.6}{\376\377\121\166\116\326\147\072\126\150\133\146\116\140\142\200\147\057}{}% 27
\BOOKMARK [1][-]{section.6.1}{\376\377\155\361\136\246\133\146\116\140}{chapter.6}% 28
\BOOKMARK [2][-]{subsection.6.1.1}{\376\377\213\241\173\227\147\072\211\306\211\311}{section.6.1}% 29
\BOOKMARK [2][-]{subsection.6.1.2}{\376\377\201\352\161\066\213\355\212\000\131\004\164\006}{section.6.1}% 30
\BOOKMARK [2][-]{subsection.6.1.3}{\376\377\121\166\116\326\152\041\127\213}{section.6.1}% 31
\BOOKMARK [1][-]{section.6.2}{\376\377\137\072\123\026\133\146\116\140}{chapter.6}% 32
\BOOKMARK [0][-]{chapter.7}{\376\377\124\016\213\260}{}% 33
